WARNING:TIME:02:13:15 PM Please use the correct number of arguments. DATE:05/05/2025 
Please use the correct number of arguments. Example: 
{'--global', '-G', '--GLOBAL', '-g', '--Global'} put's it in global mode for attacking global networks, 
{'--gui', '--GUI', '-Gu', '-GU', '--Gui'} put's it in GUI mode to attacking in GUI GLOBAL networks, 
{'--LOCAL', '--local', '--Local', '-L', '-l'} put's it in local mode for attacking local networks,
{'--G-L', '--GUI-LOCAL', '--Gui-Local', '--g-l', '--gui-local', '--G-l'} put's it in GUI LOCAL mode for attacking in GUI LOCAL networks,
{'--M-g', '--Manual-Global', '--man-global', '--M-G', '--MANUAL-GLOBAL', '--manual-global', '--m-g'} put's it in global manual mode that shows you how to use the program,
{'--man-local', '--MANUAL-LOCAL', '--M-l', '--Manual-Local', '--manual-local', '--M-L', '--m-l'} put's it in local manual mode that shows you how to use the program,
{'--INSTALL', '--in', '--install'} put's it in install mode that install's the required packages,
{'--pipForce', '--PIP-FORCE', '--Pip-Force', '--pip-force', '-Pip-Force'} put's it in pipForce mode that installs the required packages with pipForce,
{'--UNINSTALL', '--un', '--uninstall'} put's it in uninstall mode that uninstall's the packages,
{'--xfree', '--XFREE', '--xfreerdp', '--XFREERDP'} put's the program into RDP connection mode,
{'--Skip-Global', '--skip-global', '--Skip-global', '--skip-Global', '--SKIPGLOBAL'} put's it in skip global mode that skips the global mode,
{'--Skip-local', '--skip-local', '--skip-Local', '--SKIP-LOCAL', '--Skip-Local'} put's it in skip local mode that skips the local mode,
{'--autoConnect', '--autoconnect', '--AUTO', '--auto'} put's the program into auto connect, if there is a file with the user SSH username and ip address to use,
['bash', 'GlobalScript.sh', '--help'] put's it in global help mode that shows you how to use the program in global mode,
['bash', 'localScript.sh', '--help'] put's it in local help mode that shows you how to use the program in local mode,
{'--LIST', '--List', '--list'} shows the packages that are installed or not,
{'-F', '--fix', '-f', '--FIX'} put's it in fix mode that fixes the program,
{'--HELP', '--help', '-h', '--Help', '-H'} put's it in help mode so you understand what you are going to do with this program.
